c:\users\utilisateur\documents\github\lyo-1-amstrad-s1p2-30\demineur\x64\debug\vc143.pdb
c:\users\utilisateur\documents\github\lyo-1-amstrad-s1p2-30\demineur\x64\debug\vc143.idb
c:\users\utilisateur\documents\github\lyo-1-amstrad-s1p2-30\demineur\x64\debug\main.obj
c:\users\utilisateur\documents\github\lyo-1-amstrad-s1p2-30\demineur\x64\debug\grid.obj
c:\users\utilisateur\documents\github\lyo-1-amstrad-s1p2-30\demineur\x64\debug\cell.obj
c:\users\utilisateur\documents\github\lyo-1-amstrad-s1p2-30\demineur\x64\debug\demineur.ilk
c:\users\utilisateur\documents\github\lyo-1-amstrad-s1p2-30\x64\debug\demineur.pdb
c:\users\utilisateur\documents\github\lyo-1-amstrad-s1p2-30\demineur\x64\debug\demineur.tlog\cl.command.1.tlog
c:\users\utilisateur\documents\github\lyo-1-amstrad-s1p2-30\demineur\x64\debug\demineur.tlog\cl.items.tlog
c:\users\utilisateur\documents\github\lyo-1-amstrad-s1p2-30\demineur\x64\debug\demineur.tlog\cl.read.1.tlog
c:\users\utilisateur\documents\github\lyo-1-amstrad-s1p2-30\demineur\x64\debug\demineur.tlog\cl.write.1.tlog
c:\users\utilisateur\documents\github\lyo-1-amstrad-s1p2-30\demineur\x64\debug\demineur.tlog\link.27528-cvtres.read.1.tlog
c:\users\utilisateur\documents\github\lyo-1-amstrad-s1p2-30\demineur\x64\debug\demineur.tlog\link.27528-cvtres.write.1.tlog
c:\users\utilisateur\documents\github\lyo-1-amstrad-s1p2-30\demineur\x64\debug\demineur.tlog\link.27528-rc.read.1.tlog
c:\users\utilisateur\documents\github\lyo-1-amstrad-s1p2-30\demineur\x64\debug\demineur.tlog\link.27528-rc.write.1.tlog
c:\users\utilisateur\documents\github\lyo-1-amstrad-s1p2-30\demineur\x64\debug\demineur.tlog\link.27528.read.1.tlog
c:\users\utilisateur\documents\github\lyo-1-amstrad-s1p2-30\demineur\x64\debug\demineur.tlog\link.27528.read.2.tlog
c:\users\utilisateur\documents\github\lyo-1-amstrad-s1p2-30\demineur\x64\debug\demineur.tlog\link.27528.write.1.tlog
c:\users\utilisateur\documents\github\lyo-1-amstrad-s1p2-30\demineur\x64\debug\demineur.tlog\link.command.1.tlog
c:\users\utilisateur\documents\github\lyo-1-amstrad-s1p2-30\demineur\x64\debug\demineur.tlog\link.read.1.tlog
c:\users\utilisateur\documents\github\lyo-1-amstrad-s1p2-30\demineur\x64\debug\demineur.tlog\link.secondary.1.tlog
c:\users\utilisateur\documents\github\lyo-1-amstrad-s1p2-30\demineur\x64\debug\demineur.tlog\link.write.1.tlog
